<?xml version="1.0" encoding="UTF-8"?>
<!-- Generated by org.testng.reporters.JUnitXMLReporter -->
<testsuite hostname="D-184000366" ignored="0" name="Tests" tests="4" failures="3" timestamp="21 Feb 2018 05:36:09 GMT" time="31.542" errors="0">
  <testcase name="@AfterTest logout" time="0.0" classname="com.wipro.opencart.tests.RegistrationAndAddToCart">
    <failure type="java.lang.NullPointerException">
      <![CDATA[java.lang.NullPointerExceptionat com.wipro.opencart.tests.RegistrationAndAddToCart.logout(RegistrationAndAddToCart.java:176)... Removed 24 stack frames]]>
    </failure>
  </testcase> <!-- @AfterTest logout -->
  <testcase name="registration" time="4.557" classname="com.wipro.opencart.tests.RegistrationAndAddToCart">
    <failure type="java.lang.AssertionError" message="Titles Not Matched: New Account Not Created expected [Register Account] but found [Your Account Has Been Created!]">
      <![CDATA[java.lang.AssertionError: Titles Not Matched: New Account Not Created expected [Register Account] but found [Your Account Has Been Created!]at com.wipro.opencart.tests.RegistrationAndAddToCart.registration(RegistrationAndAddToCart.java:66)... Removed 30 stack frames]]>
    </failure>
  </testcase> <!-- registration -->
  <testcase name="addReviewOnViewedProduct" time="0.0" classname="com.wipro.opencart.tests.RegistrationAndAddToCart">
    <skipped/>
  </testcase> <!-- addReviewOnViewedProduct -->
  <testcase name="addToWishlist" time="0.054" classname="com.wipro.opencart.tests.RegistrationAndAddToCart">
    <failure type="java.lang.NullPointerException">
      <![CDATA[java.lang.NullPointerExceptionat com.wipro.opencart.tests.RegistrationAndAddToCart.addToWishlist(RegistrationAndAddToCart.java:104)... Removed 25 stack frames]]>
    </failure>
  </testcase> <!-- addToWishlist -->
  <testcase name="addToCart" time="0.04" classname="com.wipro.opencart.tests.RegistrationAndAddToCart">
    <failure type="java.lang.NullPointerException">
      <![CDATA[java.lang.NullPointerExceptionat com.wipro.opencart.tests.RegistrationAndAddToCart.addToCart(RegistrationAndAddToCart.java:130)... Removed 25 stack frames]]>
    </failure>
  </testcase> <!-- addToCart -->
</testsuite> <!-- Tests -->
